# Logfile created on 2014-03-14 09:53:05 +0000 by logger.rb/44203
I, [2014-03-14T09:53:05.779858 #14584]  INFO -- : 0:  diff-lcs (1.2.5) from /Users/stuart/.rvm/gems/ruby-2.1.0@fsatolives/specifications/diff-lcs-1.2.5.gemspec
I, [2014-03-14T09:53:07.221161 #14584]  INFO -- : 0:  rspec-core (2.14.8) from /Users/stuart/.rvm/gems/ruby-2.1.0@fsatolives/specifications/rspec-core-2.14.8.gemspec
I, [2014-03-14T09:53:08.445400 #14584]  INFO -- : 0:  rspec-expectations (2.14.5) from /Users/stuart/.rvm/gems/ruby-2.1.0@fsatolives/specifications/rspec-expectations-2.14.5.gemspec
I, [2014-03-14T09:53:09.715851 #14584]  INFO -- : 0:  rspec-mocks (2.14.6) from /Users/stuart/.rvm/gems/ruby-2.1.0@fsatolives/specifications/rspec-mocks-2.14.6.gemspec
I, [2014-03-14T09:53:10.673628 #14584]  INFO -- : 0:  rspec (2.14.1) from /Users/stuart/.rvm/gems/ruby-2.1.0@fsatolives/specifications/rspec-2.14.1.gemspec
I, [2014-03-14T09:53:10.684720 #14584]  INFO -- : 0:  bundler (1.5.1) from /Users/stuart/.rvm/gems/ruby-2.1.0@global/specifications/bundler-1.5.1.gemspec
I, [2014-03-14T09:55:02.784450 #14671]  INFO -- : 0:  multi_json (1.9.0) from /Users/stuart/.rvm/gems/ruby-2.1.0@fsatolives/specifications/multi_json-1.9.0.gemspec
I, [2014-03-14T09:55:03.992784 #14671]  INFO -- : 0:  mime-types (2.2) from /Users/stuart/.rvm/gems/ruby-2.1.0@fsatolives/specifications/mime-types-2.2.gemspec
I, [2014-03-14T09:55:05.115358 #14671]  INFO -- : 0:  rest-client (1.6.7) from /Users/stuart/.rvm/gems/ruby-2.1.0@fsatolives/specifications/rest-client-1.6.7.gemspec
I, [2014-03-14T09:55:06.128690 #14671]  INFO -- : 0:  docile (1.1.3) from /Users/stuart/.rvm/gems/ruby-2.1.0@fsatolives/specifications/docile-1.1.3.gemspec
I, [2014-03-14T09:55:07.444728 #14671]  INFO -- : 0:  simplecov-html (0.8.0) from /Users/stuart/.rvm/gems/ruby-2.1.0@fsatolives/specifications/simplecov-html-0.8.0.gemspec
I, [2014-03-14T09:55:08.548573 #14671]  INFO -- : 0:  simplecov (0.8.2) from /Users/stuart/.rvm/gems/ruby-2.1.0@fsatolives/specifications/simplecov-0.8.2.gemspec
I, [2014-03-14T09:55:10.127553 #14671]  INFO -- : 0:  tins (1.0.0) from /Users/stuart/.rvm/gems/ruby-2.1.0@fsatolives/specifications/tins-1.0.0.gemspec
I, [2014-03-14T09:55:12.336929 #14671]  INFO -- : 0:  term-ansicolor (1.3.0) from /Users/stuart/.rvm/gems/ruby-2.1.0@fsatolives/specifications/term-ansicolor-1.3.0.gemspec
I, [2014-03-14T09:55:13.560897 #14671]  INFO -- : 0:  thor (0.18.1) from /Users/stuart/.rvm/gems/ruby-2.1.0@fsatolives/specifications/thor-0.18.1.gemspec
I, [2014-03-14T09:55:14.592879 #14671]  INFO -- : 0:  coveralls (0.7.0) from /Users/stuart/.rvm/gems/ruby-2.1.0@fsatolives/specifications/coveralls-0.7.0.gemspec
I, [2014-03-14T09:55:14.593521 #14671]  INFO -- : 0:  diff-lcs (1.2.5) from /Users/stuart/.rvm/gems/ruby-2.1.0@fsatolives/specifications/diff-lcs-1.2.5.gemspec
I, [2014-03-14T09:55:14.593801 #14671]  INFO -- : 0:  rspec-core (2.14.8) from /Users/stuart/.rvm/gems/ruby-2.1.0@fsatolives/specifications/rspec-core-2.14.8.gemspec
I, [2014-03-14T09:55:14.594095 #14671]  INFO -- : 0:  rspec-expectations (2.14.5) from /Users/stuart/.rvm/gems/ruby-2.1.0@fsatolives/specifications/rspec-expectations-2.14.5.gemspec
I, [2014-03-14T09:55:14.594369 #14671]  INFO -- : 0:  rspec-mocks (2.14.6) from /Users/stuart/.rvm/gems/ruby-2.1.0@fsatolives/specifications/rspec-mocks-2.14.6.gemspec
I, [2014-03-14T09:55:14.594641 #14671]  INFO -- : 0:  rspec (2.14.1) from /Users/stuart/.rvm/gems/ruby-2.1.0@fsatolives/specifications/rspec-2.14.1.gemspec
I, [2014-03-14T09:55:14.594902 #14671]  INFO -- : 0:  bundler (1.5.1) from /Users/stuart/.rvm/gems/ruby-2.1.0@global/specifications/bundler-1.5.1.gemspec
I, [2014-03-14T09:56:48.577406 #14748]  INFO -- : 0:  multi_json (1.9.0) from /Users/stuart/.rvm/gems/ruby-2.1.0@fsatolives/specifications/multi_json-1.9.0.gemspec
I, [2014-03-14T09:56:48.578150 #14748]  INFO -- : 0:  mime-types (2.2) from /Users/stuart/.rvm/gems/ruby-2.1.0@fsatolives/specifications/mime-types-2.2.gemspec
I, [2014-03-14T09:56:48.578446 #14748]  INFO -- : 0:  rest-client (1.6.7) from /Users/stuart/.rvm/gems/ruby-2.1.0@fsatolives/specifications/rest-client-1.6.7.gemspec
I, [2014-03-14T09:56:48.578997 #14748]  INFO -- : 0:  docile (1.1.3) from /Users/stuart/.rvm/gems/ruby-2.1.0@fsatolives/specifications/docile-1.1.3.gemspec
I, [2014-03-14T09:56:48.579273 #14748]  INFO -- : 0:  simplecov-html (0.8.0) from /Users/stuart/.rvm/gems/ruby-2.1.0@fsatolives/specifications/simplecov-html-0.8.0.gemspec
I, [2014-03-14T09:56:48.579538 #14748]  INFO -- : 0:  simplecov (0.8.2) from /Users/stuart/.rvm/gems/ruby-2.1.0@fsatolives/specifications/simplecov-0.8.2.gemspec
I, [2014-03-14T09:56:48.579800 #14748]  INFO -- : 0:  tins (1.0.0) from /Users/stuart/.rvm/gems/ruby-2.1.0@fsatolives/specifications/tins-1.0.0.gemspec
I, [2014-03-14T09:56:48.580021 #14748]  INFO -- : 0:  term-ansicolor (1.3.0) from /Users/stuart/.rvm/gems/ruby-2.1.0@fsatolives/specifications/term-ansicolor-1.3.0.gemspec
I, [2014-03-14T09:56:48.580243 #14748]  INFO -- : 0:  thor (0.18.1) from /Users/stuart/.rvm/gems/ruby-2.1.0@fsatolives/specifications/thor-0.18.1.gemspec
I, [2014-03-14T09:56:48.580461 #14748]  INFO -- : 0:  coveralls (0.7.0) from /Users/stuart/.rvm/gems/ruby-2.1.0@fsatolives/specifications/coveralls-0.7.0.gemspec
I, [2014-03-14T09:56:48.580734 #14748]  INFO -- : 0:  diff-lcs (1.2.5) from /Users/stuart/.rvm/gems/ruby-2.1.0@fsatolives/specifications/diff-lcs-1.2.5.gemspec
I, [2014-03-14T09:56:48.580946 #14748]  INFO -- : 0:  rspec-core (2.14.8) from /Users/stuart/.rvm/gems/ruby-2.1.0@fsatolives/specifications/rspec-core-2.14.8.gemspec
I, [2014-03-14T09:56:48.581258 #14748]  INFO -- : 0:  rspec-expectations (2.14.5) from /Users/stuart/.rvm/gems/ruby-2.1.0@fsatolives/specifications/rspec-expectations-2.14.5.gemspec
I, [2014-03-14T09:56:48.581617 #14748]  INFO -- : 0:  rspec-mocks (2.14.6) from /Users/stuart/.rvm/gems/ruby-2.1.0@fsatolives/specifications/rspec-mocks-2.14.6.gemspec
I, [2014-03-14T09:56:48.581997 #14748]  INFO -- : 0:  rspec (2.14.1) from /Users/stuart/.rvm/gems/ruby-2.1.0@fsatolives/specifications/rspec-2.14.1.gemspec
I, [2014-03-14T09:56:49.918169 #14748]  INFO -- : 0:  vcr (2.8.0) from /Users/stuart/.rvm/gems/ruby-2.1.0@fsatolives/specifications/vcr-2.8.0.gemspec
I, [2014-03-14T09:56:49.918712 #14748]  INFO -- : 0:  bundler (1.5.1) from /Users/stuart/.rvm/gems/ruby-2.1.0@global/specifications/bundler-1.5.1.gemspec
I, [2014-03-14T09:59:11.444035 #14859]  INFO -- : 0:  multi_json (1.9.0) from /Users/stuart/.rvm/gems/ruby-2.1.0@fsatolives/specifications/multi_json-1.9.0.gemspec
I, [2014-03-14T09:59:11.444751 #14859]  INFO -- : 0:  mime-types (2.2) from /Users/stuart/.rvm/gems/ruby-2.1.0@fsatolives/specifications/mime-types-2.2.gemspec
I, [2014-03-14T09:59:11.445110 #14859]  INFO -- : 0:  rest-client (1.6.7) from /Users/stuart/.rvm/gems/ruby-2.1.0@fsatolives/specifications/rest-client-1.6.7.gemspec
I, [2014-03-14T09:59:11.445413 #14859]  INFO -- : 0:  docile (1.1.3) from /Users/stuart/.rvm/gems/ruby-2.1.0@fsatolives/specifications/docile-1.1.3.gemspec
I, [2014-03-14T09:59:11.445718 #14859]  INFO -- : 0:  simplecov-html (0.8.0) from /Users/stuart/.rvm/gems/ruby-2.1.0@fsatolives/specifications/simplecov-html-0.8.0.gemspec
I, [2014-03-14T09:59:11.446028 #14859]  INFO -- : 0:  simplecov (0.8.2) from /Users/stuart/.rvm/gems/ruby-2.1.0@fsatolives/specifications/simplecov-0.8.2.gemspec
I, [2014-03-14T09:59:11.446307 #14859]  INFO -- : 0:  tins (1.0.0) from /Users/stuart/.rvm/gems/ruby-2.1.0@fsatolives/specifications/tins-1.0.0.gemspec
I, [2014-03-14T09:59:11.446677 #14859]  INFO -- : 0:  term-ansicolor (1.3.0) from /Users/stuart/.rvm/gems/ruby-2.1.0@fsatolives/specifications/term-ansicolor-1.3.0.gemspec
I, [2014-03-14T09:59:11.447041 #14859]  INFO -- : 0:  thor (0.18.1) from /Users/stuart/.rvm/gems/ruby-2.1.0@fsatolives/specifications/thor-0.18.1.gemspec
I, [2014-03-14T09:59:11.447405 #14859]  INFO -- : 0:  coveralls (0.7.0) from /Users/stuart/.rvm/gems/ruby-2.1.0@fsatolives/specifications/coveralls-0.7.0.gemspec
I, [2014-03-14T09:59:11.447798 #14859]  INFO -- : 0:  diff-lcs (1.2.5) from /Users/stuart/.rvm/gems/ruby-2.1.0@fsatolives/specifications/diff-lcs-1.2.5.gemspec
I, [2014-03-14T09:59:11.448128 #14859]  INFO -- : 0:  rspec-core (2.14.8) from /Users/stuart/.rvm/gems/ruby-2.1.0@fsatolives/specifications/rspec-core-2.14.8.gemspec
I, [2014-03-14T09:59:11.448434 #14859]  INFO -- : 0:  rspec-expectations (2.14.5) from /Users/stuart/.rvm/gems/ruby-2.1.0@fsatolives/specifications/rspec-expectations-2.14.5.gemspec
I, [2014-03-14T09:59:11.448773 #14859]  INFO -- : 0:  rspec-mocks (2.14.6) from /Users/stuart/.rvm/gems/ruby-2.1.0@fsatolives/specifications/rspec-mocks-2.14.6.gemspec
I, [2014-03-14T09:59:11.449059 #14859]  INFO -- : 0:  rspec (2.14.1) from /Users/stuart/.rvm/gems/ruby-2.1.0@fsatolives/specifications/rspec-2.14.1.gemspec
I, [2014-03-14T09:59:11.449326 #14859]  INFO -- : 0:  vcr (2.8.0) from /Users/stuart/.rvm/gems/ruby-2.1.0@fsatolives/specifications/vcr-2.8.0.gemspec
I, [2014-03-14T09:59:11.449599 #14859]  INFO -- : 0:  bundler (1.5.1) from /Users/stuart/.rvm/gems/ruby-2.1.0@global/specifications/bundler-1.5.1.gemspec
I, [2014-03-14T10:09:02.842879 #15180]  INFO -- : 0:  addressable (2.3.5) from /Users/stuart/.rvm/gems/ruby-2.1.0@fsatolives/specifications/addressable-2.3.5.gemspec
I, [2014-03-14T10:09:02.844881 #15180]  INFO -- : 0:  multi_json (1.9.0) from /Users/stuart/.rvm/gems/ruby-2.1.0@fsatolives/specifications/multi_json-1.9.0.gemspec
I, [2014-03-14T10:09:02.845462 #15180]  INFO -- : 0:  mime-types (2.2) from /Users/stuart/.rvm/gems/ruby-2.1.0@fsatolives/specifications/mime-types-2.2.gemspec
I, [2014-03-14T10:09:02.845841 #15180]  INFO -- : 0:  rest-client (1.6.7) from /Users/stuart/.rvm/gems/ruby-2.1.0@fsatolives/specifications/rest-client-1.6.7.gemspec
I, [2014-03-14T10:09:02.846239 #15180]  INFO -- : 0:  docile (1.1.3) from /Users/stuart/.rvm/gems/ruby-2.1.0@fsatolives/specifications/docile-1.1.3.gemspec
I, [2014-03-14T10:09:02.846592 #15180]  INFO -- : 0:  simplecov-html (0.8.0) from /Users/stuart/.rvm/gems/ruby-2.1.0@fsatolives/specifications/simplecov-html-0.8.0.gemspec
I, [2014-03-14T10:09:02.846938 #15180]  INFO -- : 0:  simplecov (0.8.2) from /Users/stuart/.rvm/gems/ruby-2.1.0@fsatolives/specifications/simplecov-0.8.2.gemspec
I, [2014-03-14T10:09:02.847272 #15180]  INFO -- : 0:  tins (1.0.0) from /Users/stuart/.rvm/gems/ruby-2.1.0@fsatolives/specifications/tins-1.0.0.gemspec
I, [2014-03-14T10:09:02.847611 #15180]  INFO -- : 0:  term-ansicolor (1.3.0) from /Users/stuart/.rvm/gems/ruby-2.1.0@fsatolives/specifications/term-ansicolor-1.3.0.gemspec
I, [2014-03-14T10:09:02.847953 #15180]  INFO -- : 0:  thor (0.18.1) from /Users/stuart/.rvm/gems/ruby-2.1.0@fsatolives/specifications/thor-0.18.1.gemspec
I, [2014-03-14T10:09:02.848288 #15180]  INFO -- : 0:  coveralls (0.7.0) from /Users/stuart/.rvm/gems/ruby-2.1.0@fsatolives/specifications/coveralls-0.7.0.gemspec
I, [2014-03-14T10:09:03.882718 #15180]  INFO -- : 0:  safe_yaml (1.0.1) from /Users/stuart/.rvm/gems/ruby-2.1.0@fsatolives/specifications/safe_yaml-1.0.1.gemspec
I, [2014-03-14T10:09:05.005233 #15180]  INFO -- : 0:  crack (0.4.2) from /Users/stuart/.rvm/gems/ruby-2.1.0@fsatolives/specifications/crack-0.4.2.gemspec
I, [2014-03-14T10:09:05.005667 #15180]  INFO -- : 0:  diff-lcs (1.2.5) from /Users/stuart/.rvm/gems/ruby-2.1.0@fsatolives/specifications/diff-lcs-1.2.5.gemspec
I, [2014-03-14T10:09:05.006011 #15180]  INFO -- : 0:  rspec-core (2.14.8) from /Users/stuart/.rvm/gems/ruby-2.1.0@fsatolives/specifications/rspec-core-2.14.8.gemspec
I, [2014-03-14T10:09:05.006356 #15180]  INFO -- : 0:  rspec-expectations (2.14.5) from /Users/stuart/.rvm/gems/ruby-2.1.0@fsatolives/specifications/rspec-expectations-2.14.5.gemspec
I, [2014-03-14T10:09:05.006629 #15180]  INFO -- : 0:  rspec-mocks (2.14.6) from /Users/stuart/.rvm/gems/ruby-2.1.0@fsatolives/specifications/rspec-mocks-2.14.6.gemspec
I, [2014-03-14T10:09:05.006921 #15180]  INFO -- : 0:  rspec (2.14.1) from /Users/stuart/.rvm/gems/ruby-2.1.0@fsatolives/specifications/rspec-2.14.1.gemspec
I, [2014-03-14T10:09:05.007209 #15180]  INFO -- : 0:  vcr (2.8.0) from /Users/stuart/.rvm/gems/ruby-2.1.0@fsatolives/specifications/vcr-2.8.0.gemspec
I, [2014-03-14T10:09:06.302215 #15180]  INFO -- : 0:  webmock (1.17.4) from /Users/stuart/.rvm/gems/ruby-2.1.0@fsatolives/specifications/webmock-1.17.4.gemspec
I, [2014-03-14T10:09:06.303704 #15180]  INFO -- : 0:  bundler (1.5.1) from /Users/stuart/.rvm/gems/ruby-2.1.0@global/specifications/bundler-1.5.1.gemspec
I, [2014-03-14T10:09:08.122312 #15195]  INFO -- : 0:  addressable (2.3.5) from /Users/stuart/.rvm/gems/ruby-2.1.0@fsatolives/specifications/addressable-2.3.5.gemspec
I, [2014-03-14T10:09:08.122688 #15195]  INFO -- : 0:  multi_json (1.9.0) from /Users/stuart/.rvm/gems/ruby-2.1.0@fsatolives/specifications/multi_json-1.9.0.gemspec
I, [2014-03-14T10:09:08.123024 #15195]  INFO -- : 0:  mime-types (2.2) from /Users/stuart/.rvm/gems/ruby-2.1.0@fsatolives/specifications/mime-types-2.2.gemspec
I, [2014-03-14T10:09:08.123317 #15195]  INFO -- : 0:  rest-client (1.6.7) from /Users/stuart/.rvm/gems/ruby-2.1.0@fsatolives/specifications/rest-client-1.6.7.gemspec
I, [2014-03-14T10:09:08.123580 #15195]  INFO -- : 0:  docile (1.1.3) from /Users/stuart/.rvm/gems/ruby-2.1.0@fsatolives/specifications/docile-1.1.3.gemspec
I, [2014-03-14T10:09:08.123859 #15195]  INFO -- : 0:  simplecov-html (0.8.0) from /Users/stuart/.rvm/gems/ruby-2.1.0@fsatolives/specifications/simplecov-html-0.8.0.gemspec
I, [2014-03-14T10:09:08.124285 #15195]  INFO -- : 0:  simplecov (0.8.2) from /Users/stuart/.rvm/gems/ruby-2.1.0@fsatolives/specifications/simplecov-0.8.2.gemspec
I, [2014-03-14T10:09:08.124575 #15195]  INFO -- : 0:  tins (1.0.0) from /Users/stuart/.rvm/gems/ruby-2.1.0@fsatolives/specifications/tins-1.0.0.gemspec
I, [2014-03-14T10:09:08.124867 #15195]  INFO -- : 0:  term-ansicolor (1.3.0) from /Users/stuart/.rvm/gems/ruby-2.1.0@fsatolives/specifications/term-ansicolor-1.3.0.gemspec
I, [2014-03-14T10:09:08.125158 #15195]  INFO -- : 0:  thor (0.18.1) from /Users/stuart/.rvm/gems/ruby-2.1.0@fsatolives/specifications/thor-0.18.1.gemspec
I, [2014-03-14T10:09:08.125485 #15195]  INFO -- : 0:  coveralls (0.7.0) from /Users/stuart/.rvm/gems/ruby-2.1.0@fsatolives/specifications/coveralls-0.7.0.gemspec
I, [2014-03-14T10:09:08.125867 #15195]  INFO -- : 0:  safe_yaml (1.0.1) from /Users/stuart/.rvm/gems/ruby-2.1.0@fsatolives/specifications/safe_yaml-1.0.1.gemspec
I, [2014-03-14T10:09:08.126236 #15195]  INFO -- : 0:  crack (0.4.2) from /Users/stuart/.rvm/gems/ruby-2.1.0@fsatolives/specifications/crack-0.4.2.gemspec
I, [2014-03-14T10:09:08.126583 #15195]  INFO -- : 0:  diff-lcs (1.2.5) from /Users/stuart/.rvm/gems/ruby-2.1.0@fsatolives/specifications/diff-lcs-1.2.5.gemspec
I, [2014-03-14T10:09:08.126910 #15195]  INFO -- : 0:  rspec-core (2.14.8) from /Users/stuart/.rvm/gems/ruby-2.1.0@fsatolives/specifications/rspec-core-2.14.8.gemspec
I, [2014-03-14T10:09:08.127253 #15195]  INFO -- : 0:  rspec-expectations (2.14.5) from /Users/stuart/.rvm/gems/ruby-2.1.0@fsatolives/specifications/rspec-expectations-2.14.5.gemspec
I, [2014-03-14T10:09:08.127615 #15195]  INFO -- : 0:  rspec-mocks (2.14.6) from /Users/stuart/.rvm/gems/ruby-2.1.0@fsatolives/specifications/rspec-mocks-2.14.6.gemspec
I, [2014-03-14T10:09:08.127895 #15195]  INFO -- : 0:  rspec (2.14.1) from /Users/stuart/.rvm/gems/ruby-2.1.0@fsatolives/specifications/rspec-2.14.1.gemspec
I, [2014-03-14T10:09:08.128177 #15195]  INFO -- : 0:  vcr (2.8.0) from /Users/stuart/.rvm/gems/ruby-2.1.0@fsatolives/specifications/vcr-2.8.0.gemspec
I, [2014-03-14T10:09:08.128446 #15195]  INFO -- : 0:  webmock (1.17.4) from /Users/stuart/.rvm/gems/ruby-2.1.0@fsatolives/specifications/webmock-1.17.4.gemspec
I, [2014-03-14T10:09:08.128706 #15195]  INFO -- : 0:  bundler (1.5.1) from /Users/stuart/.rvm/gems/ruby-2.1.0@global/specifications/bundler-1.5.1.gemspec
I, [2014-03-14T10:29:04.762361 #16098]  INFO -- : 0:  addressable (2.3.5) from /Users/stuart/.rvm/gems/ruby-2.1.0@fsatolives/specifications/addressable-2.3.5.gemspec
I, [2014-03-14T10:29:04.763851 #16098]  INFO -- : 0:  multi_json (1.9.0) from /Users/stuart/.rvm/gems/ruby-2.1.0@fsatolives/specifications/multi_json-1.9.0.gemspec
I, [2014-03-14T10:29:04.764281 #16098]  INFO -- : 0:  mime-types (2.2) from /Users/stuart/.rvm/gems/ruby-2.1.0@fsatolives/specifications/mime-types-2.2.gemspec
I, [2014-03-14T10:29:04.764980 #16098]  INFO -- : 0:  rest-client (1.6.7) from /Users/stuart/.rvm/gems/ruby-2.1.0@fsatolives/specifications/rest-client-1.6.7.gemspec
I, [2014-03-14T10:29:04.765383 #16098]  INFO -- : 0:  docile (1.1.3) from /Users/stuart/.rvm/gems/ruby-2.1.0@fsatolives/specifications/docile-1.1.3.gemspec
I, [2014-03-14T10:29:04.765792 #16098]  INFO -- : 0:  simplecov-html (0.8.0) from /Users/stuart/.rvm/gems/ruby-2.1.0@fsatolives/specifications/simplecov-html-0.8.0.gemspec
I, [2014-03-14T10:29:04.766284 #16098]  INFO -- : 0:  simplecov (0.8.2) from /Users/stuart/.rvm/gems/ruby-2.1.0@fsatolives/specifications/simplecov-0.8.2.gemspec
I, [2014-03-14T10:29:04.766584 #16098]  INFO -- : 0:  tins (1.0.0) from /Users/stuart/.rvm/gems/ruby-2.1.0@fsatolives/specifications/tins-1.0.0.gemspec
I, [2014-03-14T10:29:04.766855 #16098]  INFO -- : 0:  term-ansicolor (1.3.0) from /Users/stuart/.rvm/gems/ruby-2.1.0@fsatolives/specifications/term-ansicolor-1.3.0.gemspec
I, [2014-03-14T10:29:04.767119 #16098]  INFO -- : 0:  thor (0.18.1) from /Users/stuart/.rvm/gems/ruby-2.1.0@fsatolives/specifications/thor-0.18.1.gemspec
I, [2014-03-14T10:29:04.767380 #16098]  INFO -- : 0:  coveralls (0.7.0) from /Users/stuart/.rvm/gems/ruby-2.1.0@fsatolives/specifications/coveralls-0.7.0.gemspec
I, [2014-03-14T10:29:04.767649 #16098]  INFO -- : 0:  safe_yaml (1.0.1) from /Users/stuart/.rvm/gems/ruby-2.1.0@fsatolives/specifications/safe_yaml-1.0.1.gemspec
I, [2014-03-14T10:29:04.767905 #16098]  INFO -- : 0:  crack (0.4.2) from /Users/stuart/.rvm/gems/ruby-2.1.0@fsatolives/specifications/crack-0.4.2.gemspec
I, [2014-03-14T10:29:04.768159 #16098]  INFO -- : 0:  diff-lcs (1.2.5) from /Users/stuart/.rvm/gems/ruby-2.1.0@fsatolives/specifications/diff-lcs-1.2.5.gemspec
I, [2014-03-14T10:29:09.640068 #16098]  INFO -- : 0:  ox (2.1.1) from /Users/stuart/.rvm/gems/ruby-2.1.0@fsatolives/specifications/ox-2.1.1.gemspec
I, [2014-03-14T10:29:09.640667 #16098]  INFO -- : 0:  rspec-core (2.14.8) from /Users/stuart/.rvm/gems/ruby-2.1.0@fsatolives/specifications/rspec-core-2.14.8.gemspec
I, [2014-03-14T10:29:09.640982 #16098]  INFO -- : 0:  rspec-expectations (2.14.5) from /Users/stuart/.rvm/gems/ruby-2.1.0@fsatolives/specifications/rspec-expectations-2.14.5.gemspec
I, [2014-03-14T10:29:09.641279 #16098]  INFO -- : 0:  rspec-mocks (2.14.6) from /Users/stuart/.rvm/gems/ruby-2.1.0@fsatolives/specifications/rspec-mocks-2.14.6.gemspec
I, [2014-03-14T10:29:09.641568 #16098]  INFO -- : 0:  rspec (2.14.1) from /Users/stuart/.rvm/gems/ruby-2.1.0@fsatolives/specifications/rspec-2.14.1.gemspec
I, [2014-03-14T10:29:09.641844 #16098]  INFO -- : 0:  vcr (2.8.0) from /Users/stuart/.rvm/gems/ruby-2.1.0@fsatolives/specifications/vcr-2.8.0.gemspec
I, [2014-03-14T10:29:09.642124 #16098]  INFO -- : 0:  webmock (1.17.4) from /Users/stuart/.rvm/gems/ruby-2.1.0@fsatolives/specifications/webmock-1.17.4.gemspec
I, [2014-03-14T10:29:09.642396 #16098]  INFO -- : 0:  bundler (1.5.1) from /Users/stuart/.rvm/gems/ruby-2.1.0@global/specifications/bundler-1.5.1.gemspec
I, [2014-03-14T10:38:14.678548 #16684]  INFO -- : 0:  activesupport (3.0.0) from /Users/stuart/.rvm/gems/ruby-2.1.0@fsatolives/specifications/activesupport-3.0.0.gemspec
I, [2014-03-14T10:38:15.669683 #16684]  INFO -- : 0:  active_support (3.0.0) from /Users/stuart/.rvm/gems/ruby-2.1.0@fsatolives/specifications/active_support-3.0.0.gemspec
I, [2014-03-14T10:38:15.674521 #16684]  INFO -- : 0:  addressable (2.3.5) from /Users/stuart/.rvm/gems/ruby-2.1.0@fsatolives/specifications/addressable-2.3.5.gemspec
I, [2014-03-14T10:38:15.675109 #16684]  INFO -- : 0:  multi_json (1.9.0) from /Users/stuart/.rvm/gems/ruby-2.1.0@fsatolives/specifications/multi_json-1.9.0.gemspec
I, [2014-03-14T10:38:15.675553 #16684]  INFO -- : 0:  mime-types (2.2) from /Users/stuart/.rvm/gems/ruby-2.1.0@fsatolives/specifications/mime-types-2.2.gemspec
I, [2014-03-14T10:38:15.675943 #16684]  INFO -- : 0:  rest-client (1.6.7) from /Users/stuart/.rvm/gems/ruby-2.1.0@fsatolives/specifications/rest-client-1.6.7.gemspec
I, [2014-03-14T10:38:15.676717 #16684]  INFO -- : 0:  docile (1.1.3) from /Users/stuart/.rvm/gems/ruby-2.1.0@fsatolives/specifications/docile-1.1.3.gemspec
I, [2014-03-14T10:38:15.677019 #16684]  INFO -- : 0:  simplecov-html (0.8.0) from /Users/stuart/.rvm/gems/ruby-2.1.0@fsatolives/specifications/simplecov-html-0.8.0.gemspec
I, [2014-03-14T10:38:15.677338 #16684]  INFO -- : 0:  simplecov (0.8.2) from /Users/stuart/.rvm/gems/ruby-2.1.0@fsatolives/specifications/simplecov-0.8.2.gemspec
I, [2014-03-14T10:38:15.677621 #16684]  INFO -- : 0:  tins (1.0.0) from /Users/stuart/.rvm/gems/ruby-2.1.0@fsatolives/specifications/tins-1.0.0.gemspec
I, [2014-03-14T10:38:15.677905 #16684]  INFO -- : 0:  term-ansicolor (1.3.0) from /Users/stuart/.rvm/gems/ruby-2.1.0@fsatolives/specifications/term-ansicolor-1.3.0.gemspec
I, [2014-03-14T10:38:15.678207 #16684]  INFO -- : 0:  thor (0.18.1) from /Users/stuart/.rvm/gems/ruby-2.1.0@fsatolives/specifications/thor-0.18.1.gemspec
I, [2014-03-14T10:38:15.678491 #16684]  INFO -- : 0:  coveralls (0.7.0) from /Users/stuart/.rvm/gems/ruby-2.1.0@fsatolives/specifications/coveralls-0.7.0.gemspec
I, [2014-03-14T10:38:15.678782 #16684]  INFO -- : 0:  safe_yaml (1.0.1) from /Users/stuart/.rvm/gems/ruby-2.1.0@fsatolives/specifications/safe_yaml-1.0.1.gemspec
I, [2014-03-14T10:38:15.679178 #16684]  INFO -- : 0:  crack (0.4.2) from /Users/stuart/.rvm/gems/ruby-2.1.0@fsatolives/specifications/crack-0.4.2.gemspec
I, [2014-03-14T10:38:15.679558 #16684]  INFO -- : 0:  diff-lcs (1.2.5) from /Users/stuart/.rvm/gems/ruby-2.1.0@fsatolives/specifications/diff-lcs-1.2.5.gemspec
I, [2014-03-14T10:38:15.679942 #16684]  INFO -- : 0:  rspec-core (2.14.8) from /Users/stuart/.rvm/gems/ruby-2.1.0@fsatolives/specifications/rspec-core-2.14.8.gemspec
I, [2014-03-14T10:38:15.680261 #16684]  INFO -- : 0:  rspec-expectations (2.14.5) from /Users/stuart/.rvm/gems/ruby-2.1.0@fsatolives/specifications/rspec-expectations-2.14.5.gemspec
I, [2014-03-14T10:38:15.680569 #16684]  INFO -- : 0:  rspec-mocks (2.14.6) from /Users/stuart/.rvm/gems/ruby-2.1.0@fsatolives/specifications/rspec-mocks-2.14.6.gemspec
I, [2014-03-14T10:38:15.680873 #16684]  INFO -- : 0:  rspec (2.14.1) from /Users/stuart/.rvm/gems/ruby-2.1.0@fsatolives/specifications/rspec-2.14.1.gemspec
I, [2014-03-14T10:38:15.681250 #16684]  INFO -- : 0:  vcr (2.8.0) from /Users/stuart/.rvm/gems/ruby-2.1.0@fsatolives/specifications/vcr-2.8.0.gemspec
I, [2014-03-14T10:38:15.681538 #16684]  INFO -- : 0:  webmock (1.17.4) from /Users/stuart/.rvm/gems/ruby-2.1.0@fsatolives/specifications/webmock-1.17.4.gemspec
I, [2014-03-14T10:38:15.681871 #16684]  INFO -- : 0:  bundler (1.5.1) from /Users/stuart/.rvm/gems/ruby-2.1.0@global/specifications/bundler-1.5.1.gemspec
I, [2014-03-14T10:45:07.753503 #16980]  INFO -- : 0:  activesupport (3.0.0) from /Users/stuart/.rvm/gems/ruby-2.1.0@fsatolives/specifications/activesupport-3.0.0.gemspec
I, [2014-03-14T10:45:07.754040 #16980]  INFO -- : 0:  active_support (3.0.0) from /Users/stuart/.rvm/gems/ruby-2.1.0@fsatolives/specifications/active_support-3.0.0.gemspec
I, [2014-03-14T10:45:07.754435 #16980]  INFO -- : 0:  addressable (2.3.5) from /Users/stuart/.rvm/gems/ruby-2.1.0@fsatolives/specifications/addressable-2.3.5.gemspec
I, [2014-03-14T10:45:07.754747 #16980]  INFO -- : 0:  multi_json (1.9.0) from /Users/stuart/.rvm/gems/ruby-2.1.0@fsatolives/specifications/multi_json-1.9.0.gemspec
I, [2014-03-14T10:45:07.755150 #16980]  INFO -- : 0:  mime-types (2.2) from /Users/stuart/.rvm/gems/ruby-2.1.0@fsatolives/specifications/mime-types-2.2.gemspec
I, [2014-03-14T10:45:07.755490 #16980]  INFO -- : 0:  rest-client (1.6.7) from /Users/stuart/.rvm/gems/ruby-2.1.0@fsatolives/specifications/rest-client-1.6.7.gemspec
I, [2014-03-14T10:45:07.755822 #16980]  INFO -- : 0:  docile (1.1.3) from /Users/stuart/.rvm/gems/ruby-2.1.0@fsatolives/specifications/docile-1.1.3.gemspec
I, [2014-03-14T10:45:07.756174 #16980]  INFO -- : 0:  simplecov-html (0.8.0) from /Users/stuart/.rvm/gems/ruby-2.1.0@fsatolives/specifications/simplecov-html-0.8.0.gemspec
I, [2014-03-14T10:45:07.756565 #16980]  INFO -- : 0:  simplecov (0.8.2) from /Users/stuart/.rvm/gems/ruby-2.1.0@fsatolives/specifications/simplecov-0.8.2.gemspec
I, [2014-03-14T10:45:07.756916 #16980]  INFO -- : 0:  tins (1.0.0) from /Users/stuart/.rvm/gems/ruby-2.1.0@fsatolives/specifications/tins-1.0.0.gemspec
I, [2014-03-14T10:45:07.757260 #16980]  INFO -- : 0:  term-ansicolor (1.3.0) from /Users/stuart/.rvm/gems/ruby-2.1.0@fsatolives/specifications/term-ansicolor-1.3.0.gemspec
I, [2014-03-14T10:45:07.757641 #16980]  INFO -- : 0:  thor (0.18.1) from /Users/stuart/.rvm/gems/ruby-2.1.0@fsatolives/specifications/thor-0.18.1.gemspec
I, [2014-03-14T10:45:07.758019 #16980]  INFO -- : 0:  coveralls (0.7.0) from /Users/stuart/.rvm/gems/ruby-2.1.0@fsatolives/specifications/coveralls-0.7.0.gemspec
I, [2014-03-14T10:45:07.758409 #16980]  INFO -- : 0:  safe_yaml (1.0.1) from /Users/stuart/.rvm/gems/ruby-2.1.0@fsatolives/specifications/safe_yaml-1.0.1.gemspec
I, [2014-03-14T10:45:07.758654 #16980]  INFO -- : 0:  crack (0.4.2) from /Users/stuart/.rvm/gems/ruby-2.1.0@fsatolives/specifications/crack-0.4.2.gemspec
I, [2014-03-14T10:45:07.758896 #16980]  INFO -- : 0:  diff-lcs (1.2.5) from /Users/stuart/.rvm/gems/ruby-2.1.0@fsatolives/specifications/diff-lcs-1.2.5.gemspec
I, [2014-03-14T10:45:07.759136 #16980]  INFO -- : 0:  rspec-core (2.14.8) from /Users/stuart/.rvm/gems/ruby-2.1.0@fsatolives/specifications/rspec-core-2.14.8.gemspec
I, [2014-03-14T10:45:07.759376 #16980]  INFO -- : 0:  rspec-expectations (2.14.5) from /Users/stuart/.rvm/gems/ruby-2.1.0@fsatolives/specifications/rspec-expectations-2.14.5.gemspec
I, [2014-03-14T10:45:07.759613 #16980]  INFO -- : 0:  rspec-mocks (2.14.6) from /Users/stuart/.rvm/gems/ruby-2.1.0@fsatolives/specifications/rspec-mocks-2.14.6.gemspec
I, [2014-03-14T10:45:07.759845 #16980]  INFO -- : 0:  rspec (2.14.1) from /Users/stuart/.rvm/gems/ruby-2.1.0@fsatolives/specifications/rspec-2.14.1.gemspec
I, [2014-03-14T10:45:07.760081 #16980]  INFO -- : 0:  vcr (2.8.0) from /Users/stuart/.rvm/gems/ruby-2.1.0@fsatolives/specifications/vcr-2.8.0.gemspec
I, [2014-03-14T10:45:07.760318 #16980]  INFO -- : 0:  webmock (1.17.4) from /Users/stuart/.rvm/gems/ruby-2.1.0@fsatolives/specifications/webmock-1.17.4.gemspec
I, [2014-03-14T10:45:07.760546 #16980]  INFO -- : 0:  bundler (1.5.1) from /Users/stuart/.rvm/gems/ruby-2.1.0@global/specifications/bundler-1.5.1.gemspec
I, [2014-03-14T10:54:48.229066 #17418]  INFO -- : 0:  activesupport (3.0.0) from /Users/stuart/.rvm/gems/ruby-2.1.0@fsatolives/specifications/activesupport-3.0.0.gemspec
I, [2014-03-14T10:54:48.230505 #17418]  INFO -- : 0:  active_support (3.0.0) from /Users/stuart/.rvm/gems/ruby-2.1.0@fsatolives/specifications/active_support-3.0.0.gemspec
I, [2014-03-14T10:54:48.231208 #17418]  INFO -- : 0:  addressable (2.3.5) from /Users/stuart/.rvm/gems/ruby-2.1.0@fsatolives/specifications/addressable-2.3.5.gemspec
I, [2014-03-14T10:54:49.572992 #17418]  INFO -- : 0:  coderay (1.1.0) from /Users/stuart/.rvm/gems/ruby-2.1.0@fsatolives/specifications/coderay-1.1.0.gemspec
I, [2014-03-14T10:54:49.573499 #17418]  INFO -- : 0:  multi_json (1.9.0) from /Users/stuart/.rvm/gems/ruby-2.1.0@fsatolives/specifications/multi_json-1.9.0.gemspec
I, [2014-03-14T10:54:49.573860 #17418]  INFO -- : 0:  mime-types (2.2) from /Users/stuart/.rvm/gems/ruby-2.1.0@fsatolives/specifications/mime-types-2.2.gemspec
I, [2014-03-14T10:54:49.574187 #17418]  INFO -- : 0:  rest-client (1.6.7) from /Users/stuart/.rvm/gems/ruby-2.1.0@fsatolives/specifications/rest-client-1.6.7.gemspec
I, [2014-03-14T10:54:49.574504 #17418]  INFO -- : 0:  docile (1.1.3) from /Users/stuart/.rvm/gems/ruby-2.1.0@fsatolives/specifications/docile-1.1.3.gemspec
I, [2014-03-14T10:54:49.574819 #17418]  INFO -- : 0:  simplecov-html (0.8.0) from /Users/stuart/.rvm/gems/ruby-2.1.0@fsatolives/specifications/simplecov-html-0.8.0.gemspec
I, [2014-03-14T10:54:49.575140 #17418]  INFO -- : 0:  simplecov (0.8.2) from /Users/stuart/.rvm/gems/ruby-2.1.0@fsatolives/specifications/simplecov-0.8.2.gemspec
I, [2014-03-14T10:54:49.575440 #17418]  INFO -- : 0:  tins (1.0.0) from /Users/stuart/.rvm/gems/ruby-2.1.0@fsatolives/specifications/tins-1.0.0.gemspec
I, [2014-03-14T10:54:49.575775 #17418]  INFO -- : 0:  term-ansicolor (1.3.0) from /Users/stuart/.rvm/gems/ruby-2.1.0@fsatolives/specifications/term-ansicolor-1.3.0.gemspec
I, [2014-03-14T10:54:49.576094 #17418]  INFO -- : 0:  thor (0.18.1) from /Users/stuart/.rvm/gems/ruby-2.1.0@fsatolives/specifications/thor-0.18.1.gemspec
I, [2014-03-14T10:54:49.576487 #17418]  INFO -- : 0:  coveralls (0.7.0) from /Users/stuart/.rvm/gems/ruby-2.1.0@fsatolives/specifications/coveralls-0.7.0.gemspec
I, [2014-03-14T10:54:49.576828 #17418]  INFO -- : 0:  safe_yaml (1.0.1) from /Users/stuart/.rvm/gems/ruby-2.1.0@fsatolives/specifications/safe_yaml-1.0.1.gemspec
I, [2014-03-14T10:54:49.577160 #17418]  INFO -- : 0:  crack (0.4.2) from /Users/stuart/.rvm/gems/ruby-2.1.0@fsatolives/specifications/crack-0.4.2.gemspec
I, [2014-03-14T10:54:49.577488 #17418]  INFO -- : 0:  diff-lcs (1.2.5) from /Users/stuart/.rvm/gems/ruby-2.1.0@fsatolives/specifications/diff-lcs-1.2.5.gemspec
I, [2014-03-14T10:54:50.599126 #17418]  INFO -- : 0:  method_source (0.8.2) from /Users/stuart/.rvm/gems/ruby-2.1.0@fsatolives/specifications/method_source-0.8.2.gemspec
I, [2014-03-14T10:54:51.613055 #17418]  INFO -- : 0:  slop (3.5.0) from /Users/stuart/.rvm/gems/ruby-2.1.0@fsatolives/specifications/slop-3.5.0.gemspec
I, [2014-03-14T10:54:53.071915 #17418]  INFO -- : 0:  pry (0.9.12.6) from /Users/stuart/.rvm/gems/ruby-2.1.0@fsatolives/specifications/pry-0.9.12.6.gemspec
I, [2014-03-14T10:54:53.072333 #17418]  INFO -- : 0:  rspec-core (2.14.8) from /Users/stuart/.rvm/gems/ruby-2.1.0@fsatolives/specifications/rspec-core-2.14.8.gemspec
I, [2014-03-14T10:54:53.072897 #17418]  INFO -- : 0:  rspec-expectations (2.14.5) from /Users/stuart/.rvm/gems/ruby-2.1.0@fsatolives/specifications/rspec-expectations-2.14.5.gemspec
I, [2014-03-14T10:54:53.073191 #17418]  INFO -- : 0:  rspec-mocks (2.14.6) from /Users/stuart/.rvm/gems/ruby-2.1.0@fsatolives/specifications/rspec-mocks-2.14.6.gemspec
I, [2014-03-14T10:54:53.073477 #17418]  INFO -- : 0:  rspec (2.14.1) from /Users/stuart/.rvm/gems/ruby-2.1.0@fsatolives/specifications/rspec-2.14.1.gemspec
I, [2014-03-14T10:54:53.073837 #17418]  INFO -- : 0:  vcr (2.8.0) from /Users/stuart/.rvm/gems/ruby-2.1.0@fsatolives/specifications/vcr-2.8.0.gemspec
I, [2014-03-14T10:54:53.074214 #17418]  INFO -- : 0:  webmock (1.17.4) from /Users/stuart/.rvm/gems/ruby-2.1.0@fsatolives/specifications/webmock-1.17.4.gemspec
I, [2014-03-14T10:54:53.074606 #17418]  INFO -- : 0:  bundler (1.5.1) from /Users/stuart/.rvm/gems/ruby-2.1.0@global/specifications/bundler-1.5.1.gemspec
I, [2014-03-14T12:12:29.204347 #20983]  INFO -- : 0:  activesupport (3.0.0) from /Users/stuart/.rvm/gems/ruby-2.1.0@fsatolives/specifications/activesupport-3.0.0.gemspec
I, [2014-03-14T12:12:29.206424 #20983]  INFO -- : 0:  active_support (3.0.0) from /Users/stuart/.rvm/gems/ruby-2.1.0@fsatolives/specifications/active_support-3.0.0.gemspec
I, [2014-03-14T12:12:30.376706 #20983]  INFO -- : 0:  builder (2.1.2) from /Users/stuart/.rvm/gems/ruby-2.1.0@fsatolives/specifications/builder-2.1.2.gemspec
I, [2014-03-14T12:12:31.537210 #20983]  INFO -- : 0:  i18n (0.4.2) from /Users/stuart/.rvm/gems/ruby-2.1.0@fsatolives/specifications/i18n-0.4.2.gemspec
I, [2014-03-14T12:12:32.630520 #20983]  INFO -- : 0:  activemodel (3.0.0) from /Users/stuart/.rvm/gems/ruby-2.1.0@fsatolives/specifications/activemodel-3.0.0.gemspec
I, [2014-03-14T12:12:32.631004 #20983]  INFO -- : 0:  addressable (2.3.5) from /Users/stuart/.rvm/gems/ruby-2.1.0@fsatolives/specifications/addressable-2.3.5.gemspec
I, [2014-03-14T12:12:33.646498 #20983]  INFO -- : 0:  bson (1.9.2) from /Users/stuart/.rvm/gems/ruby-2.1.0@fsatolives/specifications/bson-1.9.2.gemspec
I, [2014-03-14T12:12:33.646860 #20983]  INFO -- : 0:  coderay (1.1.0) from /Users/stuart/.rvm/gems/ruby-2.1.0@fsatolives/specifications/coderay-1.1.0.gemspec
I, [2014-03-14T12:12:33.647140 #20983]  INFO -- : 0:  multi_json (1.9.0) from /Users/stuart/.rvm/gems/ruby-2.1.0@fsatolives/specifications/multi_json-1.9.0.gemspec
I, [2014-03-14T12:12:33.647465 #20983]  INFO -- : 0:  mime-types (2.2) from /Users/stuart/.rvm/gems/ruby-2.1.0@fsatolives/specifications/mime-types-2.2.gemspec
I, [2014-03-14T12:12:33.647744 #20983]  INFO -- : 0:  rest-client (1.6.7) from /Users/stuart/.rvm/gems/ruby-2.1.0@fsatolives/specifications/rest-client-1.6.7.gemspec
I, [2014-03-14T12:12:33.648012 #20983]  INFO -- : 0:  docile (1.1.3) from /Users/stuart/.rvm/gems/ruby-2.1.0@fsatolives/specifications/docile-1.1.3.gemspec
I, [2014-03-14T12:12:33.648295 #20983]  INFO -- : 0:  simplecov-html (0.8.0) from /Users/stuart/.rvm/gems/ruby-2.1.0@fsatolives/specifications/simplecov-html-0.8.0.gemspec
I, [2014-03-14T12:12:33.648586 #20983]  INFO -- : 0:  simplecov (0.8.2) from /Users/stuart/.rvm/gems/ruby-2.1.0@fsatolives/specifications/simplecov-0.8.2.gemspec
I, [2014-03-14T12:12:33.648868 #20983]  INFO -- : 0:  tins (1.0.0) from /Users/stuart/.rvm/gems/ruby-2.1.0@fsatolives/specifications/tins-1.0.0.gemspec
I, [2014-03-14T12:12:33.649152 #20983]  INFO -- : 0:  term-ansicolor (1.3.0) from /Users/stuart/.rvm/gems/ruby-2.1.0@fsatolives/specifications/term-ansicolor-1.3.0.gemspec
I, [2014-03-14T12:12:33.649441 #20983]  INFO -- : 0:  thor (0.18.1) from /Users/stuart/.rvm/gems/ruby-2.1.0@fsatolives/specifications/thor-0.18.1.gemspec
I, [2014-03-14T12:12:33.649722 #20983]  INFO -- : 0:  coveralls (0.7.0) from /Users/stuart/.rvm/gems/ruby-2.1.0@fsatolives/specifications/coveralls-0.7.0.gemspec
I, [2014-03-14T12:12:33.650000 #20983]  INFO -- : 0:  safe_yaml (1.0.1) from /Users/stuart/.rvm/gems/ruby-2.1.0@fsatolives/specifications/safe_yaml-1.0.1.gemspec
I, [2014-03-14T12:12:33.650274 #20983]  INFO -- : 0:  crack (0.4.2) from /Users/stuart/.rvm/gems/ruby-2.1.0@fsatolives/specifications/crack-0.4.2.gemspec
I, [2014-03-14T12:12:33.650537 #20983]  INFO -- : 0:  diff-lcs (1.2.5) from /Users/stuart/.rvm/gems/ruby-2.1.0@fsatolives/specifications/diff-lcs-1.2.5.gemspec
I, [2014-03-14T12:12:33.650803 #20983]  INFO -- : 0:  method_source (0.8.2) from /Users/stuart/.rvm/gems/ruby-2.1.0@fsatolives/specifications/method_source-0.8.2.gemspec
I, [2014-03-14T12:12:34.965385 #20983]  INFO -- : 0:  mongo (1.9.2) from /Users/stuart/.rvm/gems/ruby-2.1.0@fsatolives/specifications/mongo-1.9.2.gemspec
I, [2014-03-14T12:12:37.612998 #20983]  INFO -- : 0:  tzinfo (0.3.39) from /Users/stuart/.rvm/gems/ruby-2.1.0@fsatolives/specifications/tzinfo-0.3.39.gemspec
I, [2014-03-14T12:12:38.921412 #20983]  INFO -- : 0:  mongoid (2.2.6) from /Users/stuart/.rvm/gems/ruby-2.1.0@fsatolives/specifications/mongoid-2.2.6.gemspec
I, [2014-03-14T12:12:38.921874 #20983]  INFO -- : 0:  slop (3.5.0) from /Users/stuart/.rvm/gems/ruby-2.1.0@fsatolives/specifications/slop-3.5.0.gemspec
I, [2014-03-14T12:12:38.922227 #20983]  INFO -- : 0:  pry (0.9.12.6) from /Users/stuart/.rvm/gems/ruby-2.1.0@fsatolives/specifications/pry-0.9.12.6.gemspec
I, [2014-03-14T12:12:38.922572 #20983]  INFO -- : 0:  rspec-core (2.14.8) from /Users/stuart/.rvm/gems/ruby-2.1.0@fsatolives/specifications/rspec-core-2.14.8.gemspec
I, [2014-03-14T12:12:38.922916 #20983]  INFO -- : 0:  rspec-expectations (2.14.5) from /Users/stuart/.rvm/gems/ruby-2.1.0@fsatolives/specifications/rspec-expectations-2.14.5.gemspec
I, [2014-03-14T12:12:38.923260 #20983]  INFO -- : 0:  rspec-mocks (2.14.6) from /Users/stuart/.rvm/gems/ruby-2.1.0@fsatolives/specifications/rspec-mocks-2.14.6.gemspec
I, [2014-03-14T12:12:38.923580 #20983]  INFO -- : 0:  rspec (2.14.1) from /Users/stuart/.rvm/gems/ruby-2.1.0@fsatolives/specifications/rspec-2.14.1.gemspec
I, [2014-03-14T12:12:38.923900 #20983]  INFO -- : 0:  vcr (2.8.0) from /Users/stuart/.rvm/gems/ruby-2.1.0@fsatolives/specifications/vcr-2.8.0.gemspec
I, [2014-03-14T12:12:38.924222 #20983]  INFO -- : 0:  webmock (1.17.4) from /Users/stuart/.rvm/gems/ruby-2.1.0@fsatolives/specifications/webmock-1.17.4.gemspec
I, [2014-03-14T12:12:38.924535 #20983]  INFO -- : 0:  bundler (1.5.1) from /Users/stuart/.rvm/gems/ruby-2.1.0@global/specifications/bundler-1.5.1.gemspec
I, [2014-03-14T12:30:19.497928 #21819]  INFO -- : 0:  activesupport (3.0.0) from /Users/stuart/.rvm/gems/ruby-2.1.0@fsatolives/specifications/activesupport-3.0.0.gemspec
I, [2014-03-14T12:30:19.498663 #21819]  INFO -- : 0:  active_support (3.0.0) from /Users/stuart/.rvm/gems/ruby-2.1.0@fsatolives/specifications/active_support-3.0.0.gemspec
I, [2014-03-14T12:30:19.498997 #21819]  INFO -- : 0:  builder (2.1.2) from /Users/stuart/.rvm/gems/ruby-2.1.0@fsatolives/specifications/builder-2.1.2.gemspec
I, [2014-03-14T12:30:19.501740 #21819]  INFO -- : 0:  i18n (0.4.2) from /Users/stuart/.rvm/gems/ruby-2.1.0@fsatolives/specifications/i18n-0.4.2.gemspec
I, [2014-03-14T12:30:19.502102 #21819]  INFO -- : 0:  activemodel (3.0.0) from /Users/stuart/.rvm/gems/ruby-2.1.0@fsatolives/specifications/activemodel-3.0.0.gemspec
I, [2014-03-14T12:30:19.502437 #21819]  INFO -- : 0:  addressable (2.3.5) from /Users/stuart/.rvm/gems/ruby-2.1.0@fsatolives/specifications/addressable-2.3.5.gemspec
I, [2014-03-14T12:30:19.502744 #21819]  INFO -- : 0:  bson (1.9.2) from /Users/stuart/.rvm/gems/ruby-2.1.0@fsatolives/specifications/bson-1.9.2.gemspec
I, [2014-03-14T12:30:22.678485 #21819]  INFO -- : 0:  bson_ext (1.9.2) from /Users/stuart/.rvm/gems/ruby-2.1.0@fsatolives/specifications/bson_ext-1.9.2.gemspec
I, [2014-03-14T12:30:22.679020 #21819]  INFO -- : 0:  coderay (1.1.0) from /Users/stuart/.rvm/gems/ruby-2.1.0@fsatolives/specifications/coderay-1.1.0.gemspec
I, [2014-03-14T12:30:22.679347 #21819]  INFO -- : 0:  multi_json (1.9.0) from /Users/stuart/.rvm/gems/ruby-2.1.0@fsatolives/specifications/multi_json-1.9.0.gemspec
I, [2014-03-14T12:30:22.679671 #21819]  INFO -- : 0:  mime-types (2.2) from /Users/stuart/.rvm/gems/ruby-2.1.0@fsatolives/specifications/mime-types-2.2.gemspec
I, [2014-03-14T12:30:22.679995 #21819]  INFO -- : 0:  rest-client (1.6.7) from /Users/stuart/.rvm/gems/ruby-2.1.0@fsatolives/specifications/rest-client-1.6.7.gemspec
I, [2014-03-14T12:30:22.680404 #21819]  INFO -- : 0:  docile (1.1.3) from /Users/stuart/.rvm/gems/ruby-2.1.0@fsatolives/specifications/docile-1.1.3.gemspec
I, [2014-03-14T12:30:22.680691 #21819]  INFO -- : 0:  simplecov-html (0.8.0) from /Users/stuart/.rvm/gems/ruby-2.1.0@fsatolives/specifications/simplecov-html-0.8.0.gemspec
I, [2014-03-14T12:30:22.680983 #21819]  INFO -- : 0:  simplecov (0.8.2) from /Users/stuart/.rvm/gems/ruby-2.1.0@fsatolives/specifications/simplecov-0.8.2.gemspec
I, [2014-03-14T12:30:22.681262 #21819]  INFO -- : 0:  tins (1.0.0) from /Users/stuart/.rvm/gems/ruby-2.1.0@fsatolives/specifications/tins-1.0.0.gemspec
I, [2014-03-14T12:30:22.681558 #21819]  INFO -- : 0:  term-ansicolor (1.3.0) from /Users/stuart/.rvm/gems/ruby-2.1.0@fsatolives/specifications/term-ansicolor-1.3.0.gemspec
I, [2014-03-14T12:30:22.681875 #21819]  INFO -- : 0:  thor (0.18.1) from /Users/stuart/.rvm/gems/ruby-2.1.0@fsatolives/specifications/thor-0.18.1.gemspec
I, [2014-03-14T12:30:22.682182 #21819]  INFO -- : 0:  coveralls (0.7.0) from /Users/stuart/.rvm/gems/ruby-2.1.0@fsatolives/specifications/coveralls-0.7.0.gemspec
I, [2014-03-14T12:30:22.682467 #21819]  INFO -- : 0:  safe_yaml (1.0.1) from /Users/stuart/.rvm/gems/ruby-2.1.0@fsatolives/specifications/safe_yaml-1.0.1.gemspec
I, [2014-03-14T12:30:22.682774 #21819]  INFO -- : 0:  crack (0.4.2) from /Users/stuart/.rvm/gems/ruby-2.1.0@fsatolives/specifications/crack-0.4.2.gemspec
I, [2014-03-14T12:30:22.683082 #21819]  INFO -- : 0:  diff-lcs (1.2.5) from /Users/stuart/.rvm/gems/ruby-2.1.0@fsatolives/specifications/diff-lcs-1.2.5.gemspec
I, [2014-03-14T12:30:22.683333 #21819]  INFO -- : 0:  method_source (0.8.2) from /Users/stuart/.rvm/gems/ruby-2.1.0@fsatolives/specifications/method_source-0.8.2.gemspec
I, [2014-03-14T12:30:22.683614 #21819]  INFO -- : 0:  mongo (1.9.2) from /Users/stuart/.rvm/gems/ruby-2.1.0@fsatolives/specifications/mongo-1.9.2.gemspec
I, [2014-03-14T12:30:22.684013 #21819]  INFO -- : 0:  tzinfo (0.3.39) from /Users/stuart/.rvm/gems/ruby-2.1.0@fsatolives/specifications/tzinfo-0.3.39.gemspec
I, [2014-03-14T12:30:22.684282 #21819]  INFO -- : 0:  mongoid (2.2.6) from /Users/stuart/.rvm/gems/ruby-2.1.0@fsatolives/specifications/mongoid-2.2.6.gemspec
I, [2014-03-14T12:30:22.684573 #21819]  INFO -- : 0:  slop (3.5.0) from /Users/stuart/.rvm/gems/ruby-2.1.0@fsatolives/specifications/slop-3.5.0.gemspec
I, [2014-03-14T12:30:22.684877 #21819]  INFO -- : 0:  pry (0.9.12.6) from /Users/stuart/.rvm/gems/ruby-2.1.0@fsatolives/specifications/pry-0.9.12.6.gemspec
I, [2014-03-14T12:30:22.685168 #21819]  INFO -- : 0:  rspec-core (2.14.8) from /Users/stuart/.rvm/gems/ruby-2.1.0@fsatolives/specifications/rspec-core-2.14.8.gemspec
I, [2014-03-14T12:30:22.685455 #21819]  INFO -- : 0:  rspec-expectations (2.14.5) from /Users/stuart/.rvm/gems/ruby-2.1.0@fsatolives/specifications/rspec-expectations-2.14.5.gemspec
I, [2014-03-14T12:30:22.685717 #21819]  INFO -- : 0:  rspec-mocks (2.14.6) from /Users/stuart/.rvm/gems/ruby-2.1.0@fsatolives/specifications/rspec-mocks-2.14.6.gemspec
I, [2014-03-14T12:30:22.685984 #21819]  INFO -- : 0:  rspec (2.14.1) from /Users/stuart/.rvm/gems/ruby-2.1.0@fsatolives/specifications/rspec-2.14.1.gemspec
I, [2014-03-14T12:30:22.686245 #21819]  INFO -- : 0:  vcr (2.8.0) from /Users/stuart/.rvm/gems/ruby-2.1.0@fsatolives/specifications/vcr-2.8.0.gemspec
I, [2014-03-14T12:30:22.686510 #21819]  INFO -- : 0:  webmock (1.17.4) from /Users/stuart/.rvm/gems/ruby-2.1.0@fsatolives/specifications/webmock-1.17.4.gemspec
I, [2014-03-14T12:30:22.686777 #21819]  INFO -- : 0:  bundler (1.5.1) from /Users/stuart/.rvm/gems/ruby-2.1.0@global/specifications/bundler-1.5.1.gemspec
I, [2014-03-14T12:37:37.656340 #22236]  INFO -- : 0:  i18n (0.6.9) from /Users/stuart/.rvm/gems/ruby-2.1.0@fsatolives/specifications/i18n-0.6.9.gemspec
I, [2014-03-14T12:37:37.657363 #22236]  INFO -- : 0:  multi_json (1.9.0) from /Users/stuart/.rvm/gems/ruby-2.1.0@fsatolives/specifications/multi_json-1.9.0.gemspec
I, [2014-03-14T12:37:39.304198 #22236]  INFO -- : 0:  activesupport (3.2.17) from /Users/stuart/.rvm/gems/ruby-2.1.0@fsatolives/specifications/activesupport-3.2.17.gemspec
I, [2014-03-14T12:37:40.335061 #22236]  INFO -- : 0:  builder (3.0.4) from /Users/stuart/.rvm/gems/ruby-2.1.0@fsatolives/specifications/builder-3.0.4.gemspec
I, [2014-03-14T12:37:41.459018 #22236]  INFO -- : 0:  activemodel (3.2.17) from /Users/stuart/.rvm/gems/ruby-2.1.0@fsatolives/specifications/activemodel-3.2.17.gemspec
I, [2014-03-14T12:37:41.459436 #22236]  INFO -- : 0:  addressable (2.3.5) from /Users/stuart/.rvm/gems/ruby-2.1.0@fsatolives/specifications/addressable-2.3.5.gemspec
I, [2014-03-14T12:37:41.459724 #22236]  INFO -- : 0:  bson (1.9.2) from /Users/stuart/.rvm/gems/ruby-2.1.0@fsatolives/specifications/bson-1.9.2.gemspec
I, [2014-03-14T12:37:41.460073 #22236]  INFO -- : 0:  bson_ext (1.9.2) from /Users/stuart/.rvm/gems/ruby-2.1.0@fsatolives/specifications/bson_ext-1.9.2.gemspec
I, [2014-03-14T12:37:41.460410 #22236]  INFO -- : 0:  coderay (1.1.0) from /Users/stuart/.rvm/gems/ruby-2.1.0@fsatolives/specifications/coderay-1.1.0.gemspec
I, [2014-03-14T12:37:41.460742 #22236]  INFO -- : 0:  mime-types (2.2) from /Users/stuart/.rvm/gems/ruby-2.1.0@fsatolives/specifications/mime-types-2.2.gemspec
I, [2014-03-14T12:37:41.461092 #22236]  INFO -- : 0:  rest-client (1.6.7) from /Users/stuart/.rvm/gems/ruby-2.1.0@fsatolives/specifications/rest-client-1.6.7.gemspec
I, [2014-03-14T12:37:41.461452 #22236]  INFO -- : 0:  docile (1.1.3) from /Users/stuart/.rvm/gems/ruby-2.1.0@fsatolives/specifications/docile-1.1.3.gemspec
I, [2014-03-14T12:37:41.461809 #22236]  INFO -- : 0:  simplecov-html (0.8.0) from /Users/stuart/.rvm/gems/ruby-2.1.0@fsatolives/specifications/simplecov-html-0.8.0.gemspec
I, [2014-03-14T12:37:41.462160 #22236]  INFO -- : 0:  simplecov (0.8.2) from /Users/stuart/.rvm/gems/ruby-2.1.0@fsatolives/specifications/simplecov-0.8.2.gemspec
I, [2014-03-14T12:37:41.462509 #22236]  INFO -- : 0:  tins (1.0.0) from /Users/stuart/.rvm/gems/ruby-2.1.0@fsatolives/specifications/tins-1.0.0.gemspec
I, [2014-03-14T12:37:41.462856 #22236]  INFO -- : 0:  term-ansicolor (1.3.0) from /Users/stuart/.rvm/gems/ruby-2.1.0@fsatolives/specifications/term-ansicolor-1.3.0.gemspec
I, [2014-03-14T12:37:41.463505 #22236]  INFO -- : 0:  thor (0.18.1) from /Users/stuart/.rvm/gems/ruby-2.1.0@fsatolives/specifications/thor-0.18.1.gemspec
I, [2014-03-14T12:37:41.463860 #22236]  INFO -- : 0:  coveralls (0.7.0) from /Users/stuart/.rvm/gems/ruby-2.1.0@fsatolives/specifications/coveralls-0.7.0.gemspec
I, [2014-03-14T12:37:41.464203 #22236]  INFO -- : 0:  safe_yaml (1.0.1) from /Users/stuart/.rvm/gems/ruby-2.1.0@fsatolives/specifications/safe_yaml-1.0.1.gemspec
I, [2014-03-14T12:37:41.464546 #22236]  INFO -- : 0:  crack (0.4.2) from /Users/stuart/.rvm/gems/ruby-2.1.0@fsatolives/specifications/crack-0.4.2.gemspec
I, [2014-03-14T12:37:41.464892 #22236]  INFO -- : 0:  diff-lcs (1.2.5) from /Users/stuart/.rvm/gems/ruby-2.1.0@fsatolives/specifications/diff-lcs-1.2.5.gemspec
I, [2014-03-14T12:37:41.465245 #22236]  INFO -- : 0:  method_source (0.8.2) from /Users/stuart/.rvm/gems/ruby-2.1.0@fsatolives/specifications/method_source-0.8.2.gemspec
I, [2014-03-14T12:37:42.586139 #22236]  INFO -- : 0:  moped (1.5.2) from /Users/stuart/.rvm/gems/ruby-2.1.0@fsatolives/specifications/moped-1.5.2.gemspec
I, [2014-03-14T12:37:43.644845 #22236]  INFO -- : 0:  origin (1.1.0) from /Users/stuart/.rvm/gems/ruby-2.1.0@fsatolives/specifications/origin-1.1.0.gemspec
I, [2014-03-14T12:37:43.645314 #22236]  INFO -- : 0:  tzinfo (0.3.39) from /Users/stuart/.rvm/gems/ruby-2.1.0@fsatolives/specifications/tzinfo-0.3.39.gemspec
I, [2014-03-14T12:37:45.755976 #22236]  INFO -- : 0:  mongoid (3.1.6) from /Users/stuart/.rvm/gems/ruby-2.1.0@fsatolives/specifications/mongoid-3.1.6.gemspec
I, [2014-03-14T12:37:45.756448 #22236]  INFO -- : 0:  slop (3.5.0) from /Users/stuart/.rvm/gems/ruby-2.1.0@fsatolives/specifications/slop-3.5.0.gemspec
I, [2014-03-14T12:37:45.756804 #22236]  INFO -- : 0:  pry (0.9.12.6) from /Users/stuart/.rvm/gems/ruby-2.1.0@fsatolives/specifications/pry-0.9.12.6.gemspec
I, [2014-03-14T12:37:45.757153 #22236]  INFO -- : 0:  rspec-core (2.14.8) from /Users/stuart/.rvm/gems/ruby-2.1.0@fsatolives/specifications/rspec-core-2.14.8.gemspec
I, [2014-03-14T12:37:45.757835 #22236]  INFO -- : 0:  rspec-expectations (2.14.5) from /Users/stuart/.rvm/gems/ruby-2.1.0@fsatolives/specifications/rspec-expectations-2.14.5.gemspec
I, [2014-03-14T12:37:45.758140 #22236]  INFO -- : 0:  rspec-mocks (2.14.6) from /Users/stuart/.rvm/gems/ruby-2.1.0@fsatolives/specifications/rspec-mocks-2.14.6.gemspec
I, [2014-03-14T12:37:45.758422 #22236]  INFO -- : 0:  rspec (2.14.1) from /Users/stuart/.rvm/gems/ruby-2.1.0@fsatolives/specifications/rspec-2.14.1.gemspec
I, [2014-03-14T12:37:45.758660 #22236]  INFO -- : 0:  vcr (2.8.0) from /Users/stuart/.rvm/gems/ruby-2.1.0@fsatolives/specifications/vcr-2.8.0.gemspec
I, [2014-03-14T12:37:45.758927 #22236]  INFO -- : 0:  webmock (1.17.4) from /Users/stuart/.rvm/gems/ruby-2.1.0@fsatolives/specifications/webmock-1.17.4.gemspec
I, [2014-03-14T12:37:45.759181 #22236]  INFO -- : 0:  bundler (1.5.1) from /Users/stuart/.rvm/gems/ruby-2.1.0@global/specifications/bundler-1.5.1.gemspec
I, [2014-03-14T15:56:47.418573 #31060]  INFO -- : 0:  i18n (0.6.9) from /Users/stuart/.rvm/gems/ruby-2.1.0@fsatolives/specifications/i18n-0.6.9.gemspec
I, [2014-03-14T15:56:47.419900 #31060]  INFO -- : 0:  multi_json (1.9.0) from /Users/stuart/.rvm/gems/ruby-2.1.0@fsatolives/specifications/multi_json-1.9.0.gemspec
I, [2014-03-14T15:56:47.420230 #31060]  INFO -- : 0:  activesupport (3.2.17) from /Users/stuart/.rvm/gems/ruby-2.1.0@fsatolives/specifications/activesupport-3.2.17.gemspec
I, [2014-03-14T15:56:47.420519 #31060]  INFO -- : 0:  builder (3.0.4) from /Users/stuart/.rvm/gems/ruby-2.1.0@fsatolives/specifications/builder-3.0.4.gemspec
I, [2014-03-14T15:56:47.420799 #31060]  INFO -- : 0:  activemodel (3.2.17) from /Users/stuart/.rvm/gems/ruby-2.1.0@fsatolives/specifications/activemodel-3.2.17.gemspec
I, [2014-03-14T15:56:47.421145 #31060]  INFO -- : 0:  addressable (2.3.5) from /Users/stuart/.rvm/gems/ruby-2.1.0@fsatolives/specifications/addressable-2.3.5.gemspec
I, [2014-03-14T15:56:47.421699 #31060]  INFO -- : 0:  bson (1.9.2) from /Users/stuart/.rvm/gems/ruby-2.1.0@fsatolives/specifications/bson-1.9.2.gemspec
I, [2014-03-14T15:56:47.421996 #31060]  INFO -- : 0:  bson_ext (1.9.2) from /Users/stuart/.rvm/gems/ruby-2.1.0@fsatolives/specifications/bson_ext-1.9.2.gemspec
I, [2014-03-14T15:56:47.422315 #31060]  INFO -- : 0:  coderay (1.1.0) from /Users/stuart/.rvm/gems/ruby-2.1.0@fsatolives/specifications/coderay-1.1.0.gemspec
I, [2014-03-14T15:56:47.422620 #31060]  INFO -- : 0:  mime-types (2.2) from /Users/stuart/.rvm/gems/ruby-2.1.0@fsatolives/specifications/mime-types-2.2.gemspec
I, [2014-03-14T15:56:47.422920 #31060]  INFO -- : 0:  rest-client (1.6.7) from /Users/stuart/.rvm/gems/ruby-2.1.0@fsatolives/specifications/rest-client-1.6.7.gemspec
I, [2014-03-14T15:56:47.423191 #31060]  INFO -- : 0:  docile (1.1.3) from /Users/stuart/.rvm/gems/ruby-2.1.0@fsatolives/specifications/docile-1.1.3.gemspec
I, [2014-03-14T15:56:47.423474 #31060]  INFO -- : 0:  simplecov-html (0.8.0) from /Users/stuart/.rvm/gems/ruby-2.1.0@fsatolives/specifications/simplecov-html-0.8.0.gemspec
I, [2014-03-14T15:56:47.423823 #31060]  INFO -- : 0:  simplecov (0.8.2) from /Users/stuart/.rvm/gems/ruby-2.1.0@fsatolives/specifications/simplecov-0.8.2.gemspec
I, [2014-03-14T15:56:47.424194 #31060]  INFO -- : 0:  tins (1.0.0) from /Users/stuart/.rvm/gems/ruby-2.1.0@fsatolives/specifications/tins-1.0.0.gemspec
I, [2014-03-14T15:56:47.424470 #31060]  INFO -- : 0:  term-ansicolor (1.3.0) from /Users/stuart/.rvm/gems/ruby-2.1.0@fsatolives/specifications/term-ansicolor-1.3.0.gemspec
I, [2014-03-14T15:56:47.424744 #31060]  INFO -- : 0:  thor (0.18.1) from /Users/stuart/.rvm/gems/ruby-2.1.0@fsatolives/specifications/thor-0.18.1.gemspec
I, [2014-03-14T15:56:47.427202 #31060]  INFO -- : 0:  coveralls (0.7.0) from /Users/stuart/.rvm/gems/ruby-2.1.0@fsatolives/specifications/coveralls-0.7.0.gemspec
I, [2014-03-14T15:56:47.427477 #31060]  INFO -- : 0:  safe_yaml (1.0.1) from /Users/stuart/.rvm/gems/ruby-2.1.0@fsatolives/specifications/safe_yaml-1.0.1.gemspec
I, [2014-03-14T15:56:47.427714 #31060]  INFO -- : 0:  crack (0.4.2) from /Users/stuart/.rvm/gems/ruby-2.1.0@fsatolives/specifications/crack-0.4.2.gemspec
I, [2014-03-14T15:56:47.428044 #31060]  INFO -- : 0:  diff-lcs (1.2.5) from /Users/stuart/.rvm/gems/ruby-2.1.0@fsatolives/specifications/diff-lcs-1.2.5.gemspec
I, [2014-03-14T15:56:47.428284 #31060]  INFO -- : 0:  method_source (0.8.2) from /Users/stuart/.rvm/gems/ruby-2.1.0@fsatolives/specifications/method_source-0.8.2.gemspec
I, [2014-03-14T15:56:47.428562 #31060]  INFO -- : 0:  moped (1.5.2) from /Users/stuart/.rvm/gems/ruby-2.1.0@fsatolives/specifications/moped-1.5.2.gemspec
I, [2014-03-14T15:56:47.428827 #31060]  INFO -- : 0:  origin (1.1.0) from /Users/stuart/.rvm/gems/ruby-2.1.0@fsatolives/specifications/origin-1.1.0.gemspec
I, [2014-03-14T15:56:47.429063 #31060]  INFO -- : 0:  tzinfo (0.3.39) from /Users/stuart/.rvm/gems/ruby-2.1.0@fsatolives/specifications/tzinfo-0.3.39.gemspec
I, [2014-03-14T15:56:47.429302 #31060]  INFO -- : 0:  mongoid (3.1.6) from /Users/stuart/.rvm/gems/ruby-2.1.0@fsatolives/specifications/mongoid-3.1.6.gemspec
I, [2014-03-14T15:56:47.429538 #31060]  INFO -- : 0:  slop (3.5.0) from /Users/stuart/.rvm/gems/ruby-2.1.0@fsatolives/specifications/slop-3.5.0.gemspec
I, [2014-03-14T15:56:47.429776 #31060]  INFO -- : 0:  pry (0.9.12.6) from /Users/stuart/.rvm/gems/ruby-2.1.0@fsatolives/specifications/pry-0.9.12.6.gemspec
I, [2014-03-14T15:56:47.430164 #31060]  INFO -- : 0:  rspec-core (2.14.8) from /Users/stuart/.rvm/gems/ruby-2.1.0@fsatolives/specifications/rspec-core-2.14.8.gemspec
I, [2014-03-14T15:56:47.430479 #31060]  INFO -- : 0:  rspec-expectations (2.14.5) from /Users/stuart/.rvm/gems/ruby-2.1.0@fsatolives/specifications/rspec-expectations-2.14.5.gemspec
I, [2014-03-14T15:56:47.430880 #31060]  INFO -- : 0:  rspec-mocks (2.14.6) from /Users/stuart/.rvm/gems/ruby-2.1.0@fsatolives/specifications/rspec-mocks-2.14.6.gemspec
I, [2014-03-14T15:56:47.431234 #31060]  INFO -- : 0:  rspec (2.14.1) from /Users/stuart/.rvm/gems/ruby-2.1.0@fsatolives/specifications/rspec-2.14.1.gemspec
I, [2014-03-14T15:56:48.942659 #31060]  INFO -- : 0:  rubyzip (1.1.0) from /Users/stuart/.rvm/gems/ruby-2.1.0@fsatolives/specifications/rubyzip-1.1.0.gemspec
I, [2014-03-14T15:56:48.942963 #31060]  INFO -- : 0:  vcr (2.8.0) from /Users/stuart/.rvm/gems/ruby-2.1.0@fsatolives/specifications/vcr-2.8.0.gemspec
I, [2014-03-14T15:56:48.943188 #31060]  INFO -- : 0:  webmock (1.17.4) from /Users/stuart/.rvm/gems/ruby-2.1.0@fsatolives/specifications/webmock-1.17.4.gemspec
I, [2014-03-14T15:56:48.943756 #31060]  INFO -- : 0:  bundler (1.5.1) from /Users/stuart/.rvm/gems/ruby-2.1.0@global/specifications/bundler-1.5.1.gemspec
I, [2014-03-14T16:29:00.698468 #32506]  INFO -- : 0:  i18n (0.6.9) from /Users/stuart/.rvm/gems/ruby-2.1.0@fsatolives/specifications/i18n-0.6.9.gemspec
I, [2014-03-14T16:29:00.699823 #32506]  INFO -- : 0:  multi_json (1.9.0) from /Users/stuart/.rvm/gems/ruby-2.1.0@fsatolives/specifications/multi_json-1.9.0.gemspec
I, [2014-03-14T16:29:00.700144 #32506]  INFO -- : 0:  activesupport (3.2.17) from /Users/stuart/.rvm/gems/ruby-2.1.0@fsatolives/specifications/activesupport-3.2.17.gemspec
I, [2014-03-14T16:29:00.700430 #32506]  INFO -- : 0:  builder (3.0.4) from /Users/stuart/.rvm/gems/ruby-2.1.0@fsatolives/specifications/builder-3.0.4.gemspec
I, [2014-03-14T16:29:00.700712 #32506]  INFO -- : 0:  activemodel (3.2.17) from /Users/stuart/.rvm/gems/ruby-2.1.0@fsatolives/specifications/activemodel-3.2.17.gemspec
I, [2014-03-14T16:29:00.700983 #32506]  INFO -- : 0:  addressable (2.3.5) from /Users/stuart/.rvm/gems/ruby-2.1.0@fsatolives/specifications/addressable-2.3.5.gemspec
I, [2014-03-14T16:29:00.701248 #32506]  INFO -- : 0:  bson (1.9.2) from /Users/stuart/.rvm/gems/ruby-2.1.0@fsatolives/specifications/bson-1.9.2.gemspec
I, [2014-03-14T16:29:00.701515 #32506]  INFO -- : 0:  bson_ext (1.9.2) from /Users/stuart/.rvm/gems/ruby-2.1.0@fsatolives/specifications/bson_ext-1.9.2.gemspec
I, [2014-03-14T16:29:00.703481 #32506]  INFO -- : 0:  coderay (1.1.0) from /Users/stuart/.rvm/gems/ruby-2.1.0@fsatolives/specifications/coderay-1.1.0.gemspec
I, [2014-03-14T16:29:00.703798 #32506]  INFO -- : 0:  mime-types (2.2) from /Users/stuart/.rvm/gems/ruby-2.1.0@fsatolives/specifications/mime-types-2.2.gemspec
I, [2014-03-14T16:29:00.704069 #32506]  INFO -- : 0:  rest-client (1.6.7) from /Users/stuart/.rvm/gems/ruby-2.1.0@fsatolives/specifications/rest-client-1.6.7.gemspec
I, [2014-03-14T16:29:00.704342 #32506]  INFO -- : 0:  docile (1.1.3) from /Users/stuart/.rvm/gems/ruby-2.1.0@fsatolives/specifications/docile-1.1.3.gemspec
I, [2014-03-14T16:29:00.704600 #32506]  INFO -- : 0:  simplecov-html (0.8.0) from /Users/stuart/.rvm/gems/ruby-2.1.0@fsatolives/specifications/simplecov-html-0.8.0.gemspec
I, [2014-03-14T16:29:00.704855 #32506]  INFO -- : 0:  simplecov (0.8.2) from /Users/stuart/.rvm/gems/ruby-2.1.0@fsatolives/specifications/simplecov-0.8.2.gemspec
I, [2014-03-14T16:29:00.705997 #32506]  INFO -- : 0:  tins (1.0.0) from /Users/stuart/.rvm/gems/ruby-2.1.0@fsatolives/specifications/tins-1.0.0.gemspec
I, [2014-03-14T16:29:00.706423 #32506]  INFO -- : 0:  term-ansicolor (1.3.0) from /Users/stuart/.rvm/gems/ruby-2.1.0@fsatolives/specifications/term-ansicolor-1.3.0.gemspec
I, [2014-03-14T16:29:00.706798 #32506]  INFO -- : 0:  thor (0.18.1) from /Users/stuart/.rvm/gems/ruby-2.1.0@fsatolives/specifications/thor-0.18.1.gemspec
I, [2014-03-14T16:29:00.707166 #32506]  INFO -- : 0:  coveralls (0.7.0) from /Users/stuart/.rvm/gems/ruby-2.1.0@fsatolives/specifications/coveralls-0.7.0.gemspec
I, [2014-03-14T16:29:00.707444 #32506]  INFO -- : 0:  safe_yaml (1.0.1) from /Users/stuart/.rvm/gems/ruby-2.1.0@fsatolives/specifications/safe_yaml-1.0.1.gemspec
I, [2014-03-14T16:29:00.707722 #32506]  INFO -- : 0:  crack (0.4.2) from /Users/stuart/.rvm/gems/ruby-2.1.0@fsatolives/specifications/crack-0.4.2.gemspec
I, [2014-03-14T16:29:00.707966 #32506]  INFO -- : 0:  diff-lcs (1.2.5) from /Users/stuart/.rvm/gems/ruby-2.1.0@fsatolives/specifications/diff-lcs-1.2.5.gemspec
I, [2014-03-14T16:29:02.386221 #32506]  INFO -- : 0:  fakefs (0.5.2) from /Users/stuart/.rvm/gems/ruby-2.1.0@fsatolives/specifications/fakefs-0.5.2.gemspec
I, [2014-03-14T16:29:02.386973 #32506]  INFO -- : 0:  method_source (0.8.2) from /Users/stuart/.rvm/gems/ruby-2.1.0@fsatolives/specifications/method_source-0.8.2.gemspec
I, [2014-03-14T16:29:02.387582 #32506]  INFO -- : 0:  moped (1.5.2) from /Users/stuart/.rvm/gems/ruby-2.1.0@fsatolives/specifications/moped-1.5.2.gemspec
I, [2014-03-14T16:29:02.387982 #32506]  INFO -- : 0:  origin (1.1.0) from /Users/stuart/.rvm/gems/ruby-2.1.0@fsatolives/specifications/origin-1.1.0.gemspec
I, [2014-03-14T16:29:02.388353 #32506]  INFO -- : 0:  tzinfo (0.3.39) from /Users/stuart/.rvm/gems/ruby-2.1.0@fsatolives/specifications/tzinfo-0.3.39.gemspec
I, [2014-03-14T16:29:02.388738 #32506]  INFO -- : 0:  mongoid (3.1.6) from /Users/stuart/.rvm/gems/ruby-2.1.0@fsatolives/specifications/mongoid-3.1.6.gemspec
I, [2014-03-14T16:29:02.389111 #32506]  INFO -- : 0:  slop (3.5.0) from /Users/stuart/.rvm/gems/ruby-2.1.0@fsatolives/specifications/slop-3.5.0.gemspec
I, [2014-03-14T16:29:02.389480 #32506]  INFO -- : 0:  pry (0.9.12.6) from /Users/stuart/.rvm/gems/ruby-2.1.0@fsatolives/specifications/pry-0.9.12.6.gemspec
I, [2014-03-14T16:29:02.389882 #32506]  INFO -- : 0:  rspec-core (2.14.8) from /Users/stuart/.rvm/gems/ruby-2.1.0@fsatolives/specifications/rspec-core-2.14.8.gemspec
I, [2014-03-14T16:29:02.390285 #32506]  INFO -- : 0:  rspec-expectations (2.14.5) from /Users/stuart/.rvm/gems/ruby-2.1.0@fsatolives/specifications/rspec-expectations-2.14.5.gemspec
I, [2014-03-14T16:29:02.390697 #32506]  INFO -- : 0:  rspec-mocks (2.14.6) from /Users/stuart/.rvm/gems/ruby-2.1.0@fsatolives/specifications/rspec-mocks-2.14.6.gemspec
I, [2014-03-14T16:29:02.391057 #32506]  INFO -- : 0:  rspec (2.14.1) from /Users/stuart/.rvm/gems/ruby-2.1.0@fsatolives/specifications/rspec-2.14.1.gemspec
I, [2014-03-14T16:29:02.391425 #32506]  INFO -- : 0:  rubyzip (1.1.0) from /Users/stuart/.rvm/gems/ruby-2.1.0@fsatolives/specifications/rubyzip-1.1.0.gemspec
I, [2014-03-14T16:29:02.391805 #32506]  INFO -- : 0:  vcr (2.8.0) from /Users/stuart/.rvm/gems/ruby-2.1.0@fsatolives/specifications/vcr-2.8.0.gemspec
I, [2014-03-14T16:29:02.392221 #32506]  INFO -- : 0:  webmock (1.17.4) from /Users/stuart/.rvm/gems/ruby-2.1.0@fsatolives/specifications/webmock-1.17.4.gemspec
I, [2014-03-14T16:29:02.392579 #32506]  INFO -- : 0:  bundler (1.5.1) from /Users/stuart/.rvm/gems/ruby-2.1.0@global/specifications/bundler-1.5.1.gemspec
